<?xml version="1.0" encoding="UTF-8"?>
<!-- Generated by org.testng.reporters.JUnitReportReporter -->
<testsuite skipped="0" hostname="Sasikala-PC" name="testCase.Test_Login_Page" tests="2" failures="0" timestamp="06 Jan 2021 03:26:58 GMT" time="58.992" errors="0">
  <testcase name="login_test" time="22.887" classname="testCase.Test_Login_Page"/>
  <testcase name="get_item_Name" time="36.105" classname="testCase.Test_Login_Page"/>
</testsuite> <!-- testCase.Test_Login_Page -->
